2024-02-26 21:42:03.625 [info] Log level: Info
2024-02-26 21:42:03.625 [info] Validating found git in: "git"
2024-02-26 21:42:03.625 [info] Using git "2.34.1" from "git"
2024-02-26 21:42:03.625 [info] > git rev-parse --show-toplevel [22ms]
2024-02-26 21:42:03.625 [info] fatal: not a git repository (or any of the parent directories): .git
2024-02-26 21:42:03.625 [info] > git rev-parse --show-toplevel [4ms]
2024-02-26 21:42:03.625 [info] fatal: not a git repository (or any of the parent directories): .git
2024-02-26 21:42:03.637 [info] > git rev-parse --show-toplevel [14ms]
2024-02-26 21:42:03.637 [info] fatal: not a git repository (or any of the parent directories): .git
2024-02-26 21:42:03.674 [info] > git rev-parse --show-toplevel [5ms]
2024-02-26 21:42:03.674 [info] fatal: not a git repository (or any of the parent directories): .git
2024-02-26 21:42:03.703 [info] > git rev-parse --show-toplevel [1ms]
2024-02-26 21:42:03.703 [info] fatal: not a git repository (or any of the parent directories): .git
2024-02-26 21:42:03.718 [info] > git rev-parse --show-toplevel [4ms]
2024-02-26 21:42:03.718 [info] fatal: not a git repository (or any of the parent directories): .git
2024-02-26 21:47:05.800 [info] > git rev-parse --show-toplevel [111ms]
2024-02-26 21:47:05.800 [info] fatal: not a git repository (or any of the parent directories): .git
2024-02-26 21:47:07.362 [info] > git rev-parse --show-toplevel [115ms]
2024-02-26 21:47:07.362 [info] fatal: not a git repository (or any of the parent directories): .git
2024-02-26 21:49:13.525 [info] > git rev-parse --show-toplevel [1ms]
2024-02-26 21:49:13.525 [info] fatal: not a git repository (or any of the parent directories): .git
2024-02-26 21:57:07.578 [info] > git rev-parse --show-toplevel [4ms]
2024-02-26 21:57:07.578 [info] fatal: not a git repository (or any of the parent directories): .git
2024-02-26 22:02:04.935 [info] > git rev-parse --show-toplevel [2ms]
2024-02-26 22:02:04.935 [info] fatal: not a git repository (or any of the parent directories): .git
2024-02-26 22:04:25.245 [info] > git rev-parse --show-toplevel [3ms]
2024-02-26 22:04:25.245 [info] fatal: not a git repository (or any of the parent directories): .git
2024-02-26 22:06:44.276 [info] > git rev-parse --show-toplevel [4ms]
2024-02-26 22:06:44.276 [info] fatal: not a git repository (or any of the parent directories): .git
2024-02-26 22:09:03.712 [info] > git rev-parse --show-toplevel [4ms]
2024-02-26 22:09:03.712 [info] fatal: not a git repository (or any of the parent directories): .git
2024-02-26 22:11:46.981 [info] > git rev-parse --show-toplevel [3ms]
2024-02-26 22:11:46.981 [info] fatal: not a git repository (or any of the parent directories): .git
2024-02-26 22:14:14.977 [info] > git rev-parse --show-toplevel [2ms]
2024-02-26 22:14:14.977 [info] fatal: not a git repository (or any of the parent directories): .git
2024-02-26 22:15:11.014 [info] > git rev-parse --show-toplevel [2ms]
2024-02-26 22:15:11.014 [info] fatal: not a git repository (or any of the parent directories): .git
2024-02-26 22:15:28.279 [info] > git rev-parse --show-toplevel [3ms]
2024-02-26 22:15:28.279 [info] fatal: not a git repository (or any of the parent directories): .git
2024-02-26 22:15:29.790 [info] > git rev-parse --show-toplevel [1ms]
2024-02-26 22:15:29.790 [info] fatal: not a git repository (or any of the parent directories): .git
2024-02-26 22:15:30.266 [info] > git rev-parse --show-toplevel [1ms]
2024-02-26 22:15:30.266 [info] fatal: not a git repository (or any of the parent directories): .git
2024-02-26 22:15:34.254 [info] > git rev-parse --show-toplevel [2ms]
2024-02-26 22:15:34.254 [info] fatal: not a git repository (or any of the parent directories): .git
2024-02-26 22:20:08.574 [info] > git rev-parse --show-toplevel [2ms]
2024-02-26 22:20:08.574 [info] fatal: not a git repository (or any of the parent directories): .git
2024-02-26 22:31:56.911 [info] > git rev-parse --show-toplevel [2ms]
2024-02-26 22:31:56.911 [info] fatal: not a git repository (or any of the parent directories): .git
2024-02-26 22:32:50.183 [info] > git rev-parse --show-toplevel [13ms]
2024-02-26 22:32:50.183 [info] fatal: not a git repository (or any of the parent directories): .git
2024-02-26 22:33:47.668 [info] > git rev-parse --show-toplevel [1ms]
2024-02-26 22:33:47.668 [info] fatal: not a git repository (or any of the parent directories): .git
2024-02-26 22:50:30.845 [info] > git rev-parse --show-toplevel [7ms]
2024-02-26 22:50:30.845 [info] fatal: not a git repository (or any of the parent directories): .git
2024-02-26 22:54:42.882 [info] > git rev-parse --show-toplevel [2ms]
2024-02-26 22:54:42.882 [info] fatal: not a git repository (or any of the parent directories): .git
2024-02-26 22:55:44.357 [info] > git rev-parse --show-toplevel [3ms]
2024-02-26 22:55:44.357 [info] fatal: not a git repository (or any of the parent directories): .git
2024-02-26 22:55:46.175 [info] > git rev-parse --show-toplevel [4ms]
2024-02-26 22:55:46.175 [info] fatal: not a git repository (or any of the parent directories): .git
2024-02-26 22:55:47.027 [info] > git rev-parse --show-toplevel [14ms]
2024-02-26 22:55:47.027 [info] fatal: not a git repository (or any of the parent directories): .git
2024-02-26 23:01:39.581 [info] > git rev-parse --show-toplevel [2ms]
2024-02-26 23:01:39.581 [info] fatal: not a git repository (or any of the parent directories): .git
