2024-02-26 17:05:02.263 [info] Log level: Info
2024-02-26 17:05:02.263 [info] Validating found git in: "git"
2024-02-26 17:05:02.263 [info] Using git "2.34.1" from "git"
2024-02-26 17:05:02.263 [info] > git rev-parse --show-toplevel [5ms]
2024-02-26 17:05:02.263 [info] fatal: not a git repository (or any of the parent directories): .git
2024-02-26 17:05:02.263 [info] > git rev-parse --show-toplevel [11ms]
2024-02-26 17:05:02.263 [info] fatal: not a git repository (or any of the parent directories): .git
2024-02-26 17:05:02.298 [info] > git rev-parse --show-toplevel [35ms]
2024-02-26 17:05:02.298 [info] fatal: not a git repository (or any of the parent directories): .git
2024-02-26 17:05:02.371 [info] > git rev-parse --show-toplevel [31ms]
2024-02-26 17:05:02.371 [info] fatal: not a git repository (or any of the parent directories): .git
2024-02-26 17:05:02.424 [info] > git rev-parse --show-toplevel [13ms]
2024-02-26 17:05:02.424 [info] fatal: not a git repository (or any of the parent directories): .git
2024-02-26 17:05:02.455 [info] > git rev-parse --show-toplevel [16ms]
2024-02-26 17:05:02.455 [info] fatal: not a git repository (or any of the parent directories): .git
2024-02-26 17:27:32.725 [info] > git rev-parse --show-toplevel [2ms]
2024-02-26 17:27:32.725 [info] fatal: not a git repository (or any of the parent directories): .git
2024-02-26 17:29:11.592 [info] > git rev-parse --show-toplevel [3ms]
2024-02-26 17:29:11.592 [info] fatal: not a git repository (or any of the parent directories): .git
2024-02-26 17:41:05.634 [info] > git rev-parse --show-toplevel [2ms]
2024-02-26 17:41:05.634 [info] fatal: not a git repository (or any of the parent directories): .git
2024-02-26 17:41:42.728 [info] > git rev-parse --show-toplevel [2ms]
2024-02-26 17:41:42.728 [info] fatal: not a git repository (or any of the parent directories): .git
2024-02-26 17:42:09.412 [info] > git rev-parse --show-toplevel [114ms]
2024-02-26 17:42:09.412 [info] fatal: not a git repository (or any of the parent directories): .git
2024-02-26 17:42:23.410 [info] > git rev-parse --show-toplevel [1ms]
2024-02-26 17:42:23.410 [info] fatal: not a git repository (or any of the parent directories): .git
2024-02-26 17:43:28.892 [info] > git rev-parse --show-toplevel [2ms]
2024-02-26 17:43:28.892 [info] fatal: not a git repository (or any of the parent directories): .git
2024-02-26 17:43:59.131 [info] > git rev-parse --show-toplevel [5ms]
2024-02-26 17:43:59.131 [info] fatal: not a git repository (or any of the parent directories): .git
2024-02-26 17:44:52.895 [info] > git rev-parse --show-toplevel [5ms]
2024-02-26 17:44:52.895 [info] fatal: not a git repository (or any of the parent directories): .git
2024-02-26 17:45:15.555 [info] > git rev-parse --show-toplevel [1ms]
2024-02-26 17:45:15.555 [info] fatal: not a git repository (or any of the parent directories): .git
2024-02-26 17:45:57.180 [info] > git rev-parse --show-toplevel [3ms]
2024-02-26 17:45:57.180 [info] fatal: not a git repository (or any of the parent directories): .git
2024-02-26 17:46:03.976 [info] > git rev-parse --show-toplevel [1ms]
2024-02-26 17:46:03.976 [info] fatal: not a git repository (or any of the parent directories): .git
2024-02-26 17:46:04.531 [info] > git rev-parse --show-toplevel [12ms]
2024-02-26 17:46:04.531 [info] fatal: not a git repository (or any of the parent directories): .git
2024-02-26 17:46:34.762 [info] > git rev-parse --show-toplevel [2ms]
2024-02-26 17:46:34.763 [info] fatal: not a git repository (or any of the parent directories): .git
2024-02-26 17:46:40.286 [info] > git rev-parse --show-toplevel [4ms]
2024-02-26 17:46:40.286 [info] fatal: not a git repository (or any of the parent directories): .git
2024-02-26 17:50:32.776 [info] > git rev-parse --show-toplevel [1ms]
2024-02-26 17:50:32.776 [info] fatal: not a git repository (or any of the parent directories): .git
2024-02-26 17:54:21.942 [info] > git rev-parse --show-toplevel [2ms]
2024-02-26 17:54:21.942 [info] fatal: not a git repository (or any of the parent directories): .git
2024-02-26 17:57:25.242 [info] > git rev-parse --show-toplevel [2ms]
2024-02-26 17:57:25.242 [info] fatal: not a git repository (or any of the parent directories): .git
