2024-02-26 09:23:19.168 [info] Log level: Info
2024-02-26 09:23:19.168 [info] Validating found git in: "git"
2024-02-26 09:23:19.168 [info] Using git "2.34.1" from "git"
2024-02-26 09:23:19.174 [info] > git rev-parse --show-toplevel [7ms]
2024-02-26 09:23:19.174 [info] fatal: not a git repository (or any of the parent directories): .git
2024-02-26 09:23:19.186 [info] > git rev-parse --show-toplevel [4ms]
2024-02-26 09:23:19.186 [info] fatal: not a git repository (or any of the parent directories): .git
2024-02-26 09:23:19.194 [info] > git rev-parse --show-toplevel [3ms]
2024-02-26 09:23:19.194 [info] fatal: not a git repository (or any of the parent directories): .git
2024-02-26 09:23:19.201 [info] > git rev-parse --show-toplevel [2ms]
2024-02-26 09:23:19.201 [info] fatal: not a git repository (or any of the parent directories): .git
2024-02-26 09:23:19.208 [info] > git rev-parse --show-toplevel [1ms]
2024-02-26 09:23:19.208 [info] fatal: not a git repository (or any of the parent directories): .git
2024-02-26 09:26:43.247 [info] > git rev-parse --show-toplevel [2ms]
2024-02-26 09:26:43.247 [info] fatal: not a git repository (or any of the parent directories): .git
2024-02-26 09:28:28.538 [info] > git rev-parse --show-toplevel [1ms]
2024-02-26 09:28:28.538 [info] fatal: not a git repository (or any of the parent directories): .git
2024-02-26 09:28:33.416 [info] > git rev-parse --show-toplevel [10ms]
2024-02-26 09:28:33.417 [info] fatal: not a git repository (or any of the parent directories): .git
2024-02-26 09:29:52.840 [info] > git rev-parse --show-toplevel [2ms]
2024-02-26 09:29:52.840 [info] fatal: not a git repository (or any of the parent directories): .git
2024-02-26 09:35:27.757 [info] > git rev-parse --show-toplevel [1ms]
2024-02-26 09:35:27.757 [info] fatal: not a git repository (or any of the parent directories): .git
2024-02-26 10:06:47.645 [info] > git rev-parse --show-toplevel [1ms]
2024-02-26 10:06:47.645 [info] fatal: not a git repository (or any of the parent directories): .git
2024-02-26 10:06:49.245 [info] > git rev-parse --show-toplevel [3ms]
2024-02-26 10:06:49.245 [info] fatal: not a git repository (or any of the parent directories): .git
2024-02-26 10:06:59.603 [info] > git rev-parse --show-toplevel [5ms]
2024-02-26 10:06:59.604 [info] fatal: not a git repository (or any of the parent directories): .git
2024-02-26 10:17:30.414 [info] > git rev-parse --show-toplevel [1ms]
2024-02-26 10:17:30.414 [info] fatal: not a git repository (or any of the parent directories): .git
2024-02-26 10:17:32.107 [info] > git rev-parse --show-toplevel [3ms]
2024-02-26 10:17:32.108 [info] fatal: not a git repository (or any of the parent directories): .git
2024-02-26 10:21:49.878 [info] > git rev-parse --show-toplevel [2ms]
2024-02-26 10:21:49.878 [info] fatal: not a git repository (or any of the parent directories): .git
2024-02-26 10:23:56.504 [info] > git rev-parse --show-toplevel [1ms]
2024-02-26 10:23:56.504 [info] fatal: not a git repository (or any of the parent directories): .git
2024-02-26 10:23:58.553 [info] > git rev-parse --show-toplevel [2ms]
2024-02-26 10:23:58.553 [info] fatal: not a git repository (or any of the parent directories): .git
2024-02-26 10:24:02.848 [info] > git rev-parse --show-toplevel [1ms]
2024-02-26 10:24:02.848 [info] fatal: not a git repository (or any of the parent directories): .git
2024-02-26 10:24:05.590 [info] > git rev-parse --show-toplevel [2ms]
2024-02-26 10:24:05.591 [info] fatal: not a git repository (or any of the parent directories): .git
2024-02-26 10:26:52.551 [info] > git rev-parse --show-toplevel [1ms]
2024-02-26 10:26:52.551 [info] fatal: not a git repository (or any of the parent directories): .git
2024-02-26 10:36:42.285 [info] > git rev-parse --show-toplevel [3ms]
2024-02-26 10:36:42.285 [info] fatal: not a git repository (or any of the parent directories): .git
2024-02-26 10:47:53.000 [info] > git rev-parse --show-toplevel [1ms]
2024-02-26 10:47:53.000 [info] fatal: not a git repository (or any of the parent directories): .git
2024-02-26 11:13:07.045 [info] > git rev-parse --show-toplevel [1ms]
2024-02-26 11:13:07.045 [info] fatal: not a git repository (or any of the parent directories): .git
2024-02-26 11:13:11.418 [info] > git rev-parse --show-toplevel [1ms]
2024-02-26 11:13:11.418 [info] fatal: not a git repository (or any of the parent directories): .git
2024-02-26 11:13:14.430 [info] > git rev-parse --show-toplevel [1ms]
2024-02-26 11:13:14.430 [info] fatal: not a git repository (or any of the parent directories): .git
2024-02-26 11:13:21.826 [info] > git rev-parse --show-toplevel [2ms]
2024-02-26 11:13:21.826 [info] fatal: not a git repository (or any of the parent directories): .git
2024-02-26 11:13:23.997 [info] > git rev-parse --show-toplevel [2ms]
2024-02-26 11:13:23.997 [info] fatal: not a git repository (or any of the parent directories): .git
2024-02-26 11:13:25.494 [info] > git rev-parse --show-toplevel [1ms]
2024-02-26 11:13:25.494 [info] fatal: not a git repository (or any of the parent directories): .git
2024-02-26 11:13:34.757 [info] > git rev-parse --show-toplevel [5ms]
2024-02-26 11:13:34.757 [info] fatal: not a git repository (or any of the parent directories): .git
2024-02-26 11:13:37.986 [info] > git rev-parse --show-toplevel [5ms]
2024-02-26 11:13:37.986 [info] fatal: not a git repository (or any of the parent directories): .git
2024-02-26 11:13:56.833 [info] > git rev-parse --show-toplevel [7ms]
2024-02-26 11:13:56.833 [info] fatal: not a git repository (or any of the parent directories): .git
2024-02-26 11:14:08.579 [info] > git rev-parse --show-toplevel [1ms]
2024-02-26 11:14:08.579 [info] fatal: not a git repository (or any of the parent directories): .git
2024-02-26 11:14:09.930 [info] > git rev-parse --show-toplevel [2ms]
2024-02-26 11:14:09.930 [info] fatal: not a git repository (or any of the parent directories): .git
2024-02-26 11:14:10.407 [info] > git rev-parse --show-toplevel [3ms]
2024-02-26 11:14:10.407 [info] fatal: not a git repository (or any of the parent directories): .git
2024-02-26 11:27:43.345 [info] > git rev-parse --show-toplevel [56ms]
2024-02-26 11:27:43.345 [info] fatal: not a git repository (or any of the parent directories): .git
2024-02-26 11:27:48.233 [info] > git rev-parse --show-toplevel [5ms]
2024-02-26 11:27:48.234 [info] fatal: not a git repository (or any of the parent directories): .git
2024-02-26 12:52:40.989 [info] > git rev-parse --show-toplevel [1ms]
2024-02-26 12:52:40.989 [info] fatal: not a git repository (or any of the parent directories): .git
2024-02-26 12:52:58.541 [info] > git rev-parse --show-toplevel [5ms]
2024-02-26 12:52:58.541 [info] fatal: not a git repository (or any of the parent directories): .git
2024-02-26 12:54:30.226 [info] > git rev-parse --show-toplevel [5ms]
2024-02-26 12:54:30.226 [info] fatal: not a git repository (or any of the parent directories): .git
2024-02-26 12:55:29.243 [info] > git rev-parse --show-toplevel [2ms]
2024-02-26 12:55:29.243 [info] fatal: not a git repository (or any of the parent directories): .git
2024-02-26 12:55:30.734 [info] > git rev-parse --show-toplevel [4ms]
2024-02-26 12:55:30.734 [info] fatal: not a git repository (or any of the parent directories): .git
2024-02-26 12:55:33.395 [info] > git rev-parse --show-toplevel [2ms]
2024-02-26 12:55:33.395 [info] fatal: not a git repository (or any of the parent directories): .git
2024-02-26 12:55:43.787 [info] > git rev-parse --show-toplevel [2ms]
2024-02-26 12:55:43.787 [info] fatal: not a git repository (or any of the parent directories): .git
2024-02-26 12:55:44.084 [info] > git rev-parse --show-toplevel [2ms]
2024-02-26 12:55:44.084 [info] fatal: not a git repository (or any of the parent directories): .git
2024-02-26 12:56:28.308 [info] > git rev-parse --show-toplevel [3ms]
2024-02-26 12:56:28.308 [info] fatal: not a git repository (or any of the parent directories): .git
2024-02-26 12:56:43.616 [info] > git rev-parse --show-toplevel [2ms]
2024-02-26 12:56:43.616 [info] fatal: not a git repository (or any of the parent directories): .git
2024-02-26 12:56:45.337 [info] > git rev-parse --show-toplevel [6ms]
2024-02-26 12:56:45.337 [info] fatal: not a git repository (or any of the parent directories): .git
2024-02-26 12:56:47.109 [info] > git rev-parse --show-toplevel [3ms]
2024-02-26 12:56:47.110 [info] fatal: not a git repository (or any of the parent directories): .git
2024-02-26 12:56:47.654 [info] > git rev-parse --show-toplevel [3ms]
2024-02-26 12:56:47.654 [info] fatal: not a git repository (or any of the parent directories): .git
2024-02-26 12:57:45.857 [info] > git rev-parse --show-toplevel [2ms]
2024-02-26 12:57:45.857 [info] fatal: not a git repository (or any of the parent directories): .git
2024-02-26 12:57:47.626 [info] > git rev-parse --show-toplevel [2ms]
2024-02-26 12:57:47.626 [info] fatal: not a git repository (or any of the parent directories): .git
2024-02-26 12:57:49.890 [info] > git rev-parse --show-toplevel [1ms]
2024-02-26 12:57:49.890 [info] fatal: not a git repository (or any of the parent directories): .git
2024-02-26 13:04:31.684 [info] > git rev-parse --show-toplevel [4ms]
2024-02-26 13:04:31.684 [info] fatal: not a git repository (or any of the parent directories): .git
2024-02-26 13:04:39.097 [info] > git rev-parse --show-toplevel [7ms]
2024-02-26 13:04:39.097 [info] fatal: not a git repository (or any of the parent directories): .git
2024-02-26 13:04:46.540 [info] > git rev-parse --show-toplevel [2ms]
2024-02-26 13:04:46.540 [info] fatal: not a git repository (or any of the parent directories): .git
2024-02-26 13:04:52.404 [info] > git rev-parse --show-toplevel [5ms]
2024-02-26 13:04:52.404 [info] fatal: not a git repository (or any of the parent directories): .git
2024-02-26 13:04:55.291 [info] > git rev-parse --show-toplevel [2ms]
2024-02-26 13:04:55.291 [info] fatal: not a git repository (or any of the parent directories): .git
2024-02-26 13:04:55.819 [info] > git rev-parse --show-toplevel [2ms]
2024-02-26 13:04:55.819 [info] fatal: not a git repository (or any of the parent directories): .git
2024-02-26 13:09:47.252 [info] > git rev-parse --show-toplevel [3ms]
2024-02-26 13:09:47.252 [info] fatal: not a git repository (or any of the parent directories): .git
2024-02-26 13:09:58.195 [info] > git rev-parse --show-toplevel [3ms]
2024-02-26 13:09:58.195 [info] fatal: not a git repository (or any of the parent directories): .git
2024-02-26 13:10:47.706 [info] > git rev-parse --show-toplevel [1ms]
2024-02-26 13:10:47.707 [info] fatal: not a git repository (or any of the parent directories): .git
2024-02-26 13:10:48.061 [info] > git rev-parse --show-toplevel [6ms]
2024-02-26 13:10:48.061 [info] fatal: not a git repository (or any of the parent directories): .git
2024-02-26 13:11:39.746 [info] > git rev-parse --show-toplevel [1ms]
2024-02-26 13:11:39.746 [info] fatal: not a git repository (or any of the parent directories): .git
2024-02-26 13:12:14.585 [info] > git rev-parse --show-toplevel [2ms]
2024-02-26 13:12:14.585 [info] fatal: not a git repository (or any of the parent directories): .git
2024-02-26 13:13:55.121 [info] > git rev-parse --show-toplevel [2ms]
2024-02-26 13:13:55.121 [info] fatal: not a git repository (or any of the parent directories): .git
2024-02-26 13:16:12.912 [info] > git rev-parse --show-toplevel [4ms]
2024-02-26 13:16:12.913 [info] fatal: not a git repository (or any of the parent directories): .git
2024-02-26 13:17:18.589 [info] > git rev-parse --show-toplevel [11ms]
2024-02-26 13:17:18.589 [info] fatal: not a git repository (or any of the parent directories): .git
2024-02-26 13:17:32.498 [info] > git rev-parse --show-toplevel [1ms]
2024-02-26 13:17:32.498 [info] fatal: not a git repository (or any of the parent directories): .git
2024-02-26 13:18:51.285 [info] > git rev-parse --show-toplevel [1ms]
2024-02-26 13:18:51.285 [info] fatal: not a git repository (or any of the parent directories): .git
2024-02-26 13:19:07.893 [info] > git rev-parse --show-toplevel [3ms]
2024-02-26 13:19:07.893 [info] fatal: not a git repository (or any of the parent directories): .git
2024-02-26 13:19:19.914 [info] > git rev-parse --show-toplevel [2ms]
2024-02-26 13:19:19.914 [info] fatal: not a git repository (or any of the parent directories): .git
2024-02-26 13:23:10.109 [info] > git rev-parse --show-toplevel [4ms]
2024-02-26 13:23:10.109 [info] fatal: not a git repository (or any of the parent directories): .git
2024-02-26 13:24:57.457 [info] > git rev-parse --show-toplevel [1ms]
2024-02-26 13:24:57.457 [info] fatal: not a git repository (or any of the parent directories): .git
2024-02-26 13:27:12.118 [info] > git rev-parse --show-toplevel [3ms]
2024-02-26 13:27:12.118 [info] fatal: not a git repository (or any of the parent directories): .git
2024-02-26 13:27:20.299 [info] > git rev-parse --show-toplevel [3ms]
2024-02-26 13:27:20.299 [info] fatal: not a git repository (or any of the parent directories): .git
2024-02-26 13:27:29.866 [info] > git rev-parse --show-toplevel [2ms]
2024-02-26 13:27:29.866 [info] fatal: not a git repository (or any of the parent directories): .git
2024-02-26 13:28:02.923 [info] > git rev-parse --show-toplevel [4ms]
2024-02-26 13:28:02.923 [info] fatal: not a git repository (or any of the parent directories): .git
2024-02-26 13:32:00.848 [info] > git rev-parse --show-toplevel [3ms]
2024-02-26 13:32:00.848 [info] fatal: not a git repository (or any of the parent directories): .git
2024-02-26 13:32:06.378 [info] > git rev-parse --show-toplevel [1ms]
2024-02-26 13:32:06.378 [info] fatal: not a git repository (or any of the parent directories): .git
2024-02-26 13:32:07.065 [info] > git rev-parse --show-toplevel [1ms]
2024-02-26 13:32:07.065 [info] fatal: not a git repository (or any of the parent directories): .git
