2024-02-27 07:11:40.639 [info] Log level: Info
2024-02-27 07:11:40.639 [info] Validating found git in: "git"
2024-02-27 07:11:40.639 [info] Using git "2.34.1" from "git"
2024-02-27 07:11:40.639 [info] > git rev-parse --show-toplevel [2ms]
2024-02-27 07:11:40.639 [info] fatal: not a git repository (or any of the parent directories): .git
2024-02-27 07:11:40.639 [info] > git rev-parse --show-toplevel [37ms]
2024-02-27 07:11:40.639 [info] fatal: not a git repository (or any of the parent directories): .git
2024-02-27 07:11:40.644 [info] > git rev-parse --show-toplevel [10ms]
2024-02-27 07:11:40.644 [info] fatal: not a git repository (or any of the parent directories): .git
2024-02-27 07:11:40.652 [info] > git rev-parse --show-toplevel [2ms]
2024-02-27 07:11:40.652 [info] fatal: not a git repository (or any of the parent directories): .git
2024-02-27 07:11:40.660 [info] > git rev-parse --show-toplevel [3ms]
2024-02-27 07:11:40.660 [info] fatal: not a git repository (or any of the parent directories): .git
2024-02-27 07:11:40.668 [info] > git rev-parse --show-toplevel [2ms]
2024-02-27 07:11:40.668 [info] fatal: not a git repository (or any of the parent directories): .git
2024-02-27 07:11:40.676 [info] > git rev-parse --show-toplevel [2ms]
2024-02-27 07:11:40.676 [info] fatal: not a git repository (or any of the parent directories): .git
2024-02-27 07:40:02.061 [info] > git rev-parse --show-toplevel [4ms]
2024-02-27 07:40:02.061 [info] fatal: not a git repository (or any of the parent directories): .git
2024-02-27 08:02:14.394 [info] > git rev-parse --show-toplevel [7ms]
2024-02-27 08:02:14.394 [info] fatal: not a git repository (or any of the parent directories): .git
2024-02-27 08:03:36.169 [info] > git rev-parse --show-toplevel [3ms]
2024-02-27 08:03:36.169 [info] fatal: not a git repository (or any of the parent directories): .git
2024-02-27 08:03:36.486 [info] > git rev-parse --show-toplevel [1ms]
2024-02-27 08:03:36.486 [info] fatal: not a git repository (or any of the parent directories): .git
2024-02-27 08:04:23.318 [info] > git rev-parse --show-toplevel [4ms]
2024-02-27 08:04:23.318 [info] fatal: not a git repository (or any of the parent directories): .git
2024-02-27 08:04:25.110 [info] > git rev-parse --show-toplevel [6ms]
2024-02-27 08:04:25.110 [info] fatal: not a git repository (or any of the parent directories): .git
2024-02-27 08:09:01.403 [info] > git rev-parse --show-toplevel [2ms]
2024-02-27 08:09:01.403 [info] fatal: not a git repository (or any of the parent directories): .git
2024-02-27 08:18:16.211 [info] > git rev-parse --show-toplevel [3ms]
2024-02-27 08:18:16.211 [info] fatal: not a git repository (or any of the parent directories): .git
2024-02-27 08:18:16.921 [info] > git rev-parse --show-toplevel [114ms]
2024-02-27 08:18:16.921 [info] fatal: not a git repository (or any of the parent directories): .git
2024-02-27 08:19:34.047 [info] > git rev-parse --show-toplevel [3ms]
2024-02-27 08:19:34.047 [info] fatal: not a git repository (or any of the parent directories): .git
2024-02-27 08:19:35.436 [info] > git rev-parse --show-toplevel [4ms]
2024-02-27 08:19:35.436 [info] fatal: not a git repository (or any of the parent directories): .git
2024-02-27 08:20:16.141 [info] > git rev-parse --show-toplevel [2ms]
2024-02-27 08:20:16.141 [info] fatal: not a git repository (or any of the parent directories): .git
2024-02-27 08:23:09.463 [info] > git rev-parse --show-toplevel [4ms]
2024-02-27 08:23:09.463 [info] fatal: not a git repository (or any of the parent directories): .git
2024-02-27 08:23:16.701 [info] > git rev-parse --show-toplevel [1ms]
2024-02-27 08:23:16.701 [info] fatal: not a git repository (or any of the parent directories): .git
2024-02-27 08:23:35.463 [info] > git rev-parse --show-toplevel [2ms]
2024-02-27 08:23:35.463 [info] fatal: not a git repository (or any of the parent directories): .git
2024-02-27 08:23:40.128 [info] > git rev-parse --show-toplevel [5ms]
2024-02-27 08:23:40.128 [info] fatal: not a git repository (or any of the parent directories): .git
2024-02-27 08:23:42.380 [info] > git rev-parse --show-toplevel [9ms]
2024-02-27 08:23:42.380 [info] fatal: not a git repository (or any of the parent directories): .git
2024-02-27 08:23:43.427 [info] > git rev-parse --show-toplevel [2ms]
2024-02-27 08:23:43.427 [info] fatal: not a git repository (or any of the parent directories): .git
2024-02-27 08:23:44.247 [info] > git rev-parse --show-toplevel [1ms]
2024-02-27 08:23:44.247 [info] fatal: not a git repository (or any of the parent directories): .git
2024-02-27 08:24:08.797 [info] > git rev-parse --show-toplevel [3ms]
2024-02-27 08:24:08.797 [info] fatal: not a git repository (or any of the parent directories): .git
2024-02-27 08:24:13.610 [info] > git rev-parse --show-toplevel [3ms]
2024-02-27 08:24:13.610 [info] fatal: not a git repository (or any of the parent directories): .git
2024-02-27 08:24:17.162 [info] > git rev-parse --show-toplevel [9ms]
2024-02-27 08:24:17.163 [info] fatal: not a git repository (or any of the parent directories): .git
2024-02-27 08:24:18.470 [info] > git rev-parse --show-toplevel [2ms]
2024-02-27 08:24:18.470 [info] fatal: not a git repository (or any of the parent directories): .git
2024-02-27 08:25:23.947 [info] > git rev-parse --show-toplevel [1ms]
2024-02-27 08:25:23.947 [info] fatal: not a git repository (or any of the parent directories): .git
2024-02-27 08:26:34.546 [info] > git rev-parse --show-toplevel [9ms]
2024-02-27 08:26:34.546 [info] fatal: not a git repository (or any of the parent directories): .git
2024-02-27 08:28:19.184 [info] > git rev-parse --show-toplevel [6ms]
2024-02-27 08:28:19.184 [info] fatal: not a git repository (or any of the parent directories): .git
2024-02-27 08:28:22.536 [info] > git rev-parse --show-toplevel [1ms]
2024-02-27 08:28:22.536 [info] fatal: not a git repository (or any of the parent directories): .git
2024-02-27 08:30:51.642 [info] > git rev-parse --show-toplevel [2ms]
2024-02-27 08:30:51.642 [info] fatal: not a git repository (or any of the parent directories): .git
2024-02-27 08:30:56.839 [info] > git rev-parse --show-toplevel [3ms]
2024-02-27 08:30:56.839 [info] fatal: not a git repository (or any of the parent directories): .git
2024-02-27 08:31:06.586 [info] > git rev-parse --show-toplevel [2ms]
2024-02-27 08:31:06.586 [info] fatal: not a git repository (or any of the parent directories): .git
2024-02-27 08:31:32.405 [info] > git rev-parse --show-toplevel [4ms]
2024-02-27 08:31:32.405 [info] fatal: not a git repository (or any of the parent directories): .git
2024-02-27 08:31:34.891 [info] > git rev-parse --show-toplevel [3ms]
2024-02-27 08:31:34.891 [info] fatal: not a git repository (or any of the parent directories): .git
2024-02-27 08:31:40.366 [info] > git rev-parse --show-toplevel [2ms]
2024-02-27 08:31:40.366 [info] fatal: not a git repository (or any of the parent directories): .git
2024-02-27 08:31:48.085 [info] > git rev-parse --show-toplevel [2ms]
2024-02-27 08:31:48.085 [info] fatal: not a git repository (or any of the parent directories): .git
2024-02-27 08:31:54.652 [info] > git rev-parse --show-toplevel [3ms]
2024-02-27 08:31:54.652 [info] fatal: not a git repository (or any of the parent directories): .git
2024-02-27 08:31:56.131 [info] > git rev-parse --show-toplevel [3ms]
2024-02-27 08:31:56.132 [info] fatal: not a git repository (or any of the parent directories): .git
2024-02-27 08:32:06.107 [info] > git rev-parse --show-toplevel [5ms]
2024-02-27 08:32:06.107 [info] fatal: not a git repository (or any of the parent directories): .git
2024-02-27 08:32:09.752 [info] > git rev-parse --show-toplevel [2ms]
2024-02-27 08:32:09.752 [info] fatal: not a git repository (or any of the parent directories): .git
2024-02-27 08:32:41.025 [info] > git rev-parse --show-toplevel [6ms]
2024-02-27 08:32:41.025 [info] fatal: not a git repository (or any of the parent directories): .git
2024-02-27 08:32:43.545 [info] > git rev-parse --show-toplevel [3ms]
2024-02-27 08:32:43.545 [info] fatal: not a git repository (or any of the parent directories): .git
2024-02-27 08:32:46.264 [info] > git rev-parse --show-toplevel [6ms]
2024-02-27 08:32:46.264 [info] fatal: not a git repository (or any of the parent directories): .git
2024-02-27 08:32:48.920 [info] > git rev-parse --show-toplevel [3ms]
2024-02-27 08:32:48.920 [info] fatal: not a git repository (or any of the parent directories): .git
2024-02-27 08:32:49.489 [info] > git rev-parse --show-toplevel [3ms]
2024-02-27 08:32:49.489 [info] fatal: not a git repository (or any of the parent directories): .git
2024-02-27 08:37:00.522 [info] > git rev-parse --show-toplevel [2ms]
2024-02-27 08:37:00.522 [info] fatal: not a git repository (or any of the parent directories): .git
2024-02-27 08:37:06.117 [info] > git rev-parse --show-toplevel [1ms]
2024-02-27 08:37:06.117 [info] fatal: not a git repository (or any of the parent directories): .git
2024-02-27 08:38:04.462 [info] > git rev-parse --show-toplevel [4ms]
2024-02-27 08:38:04.462 [info] fatal: not a git repository (or any of the parent directories): .git
2024-02-27 08:38:10.210 [info] > git rev-parse --show-toplevel [3ms]
2024-02-27 08:38:10.210 [info] fatal: not a git repository (or any of the parent directories): .git
2024-02-27 08:38:11.453 [info] > git rev-parse --show-toplevel [2ms]
2024-02-27 08:38:11.453 [info] fatal: not a git repository (or any of the parent directories): .git
2024-02-27 08:42:56.146 [info] > git rev-parse --show-toplevel [5ms]
2024-02-27 08:42:56.146 [info] fatal: not a git repository (or any of the parent directories): .git
2024-02-27 08:42:57.673 [info] > git rev-parse --show-toplevel [1ms]
2024-02-27 08:42:57.673 [info] fatal: not a git repository (or any of the parent directories): .git
2024-02-27 08:43:00.362 [info] > git rev-parse --show-toplevel [5ms]
2024-02-27 08:43:00.362 [info] fatal: not a git repository (or any of the parent directories): .git
2024-02-27 08:43:01.788 [info] > git rev-parse --show-toplevel [3ms]
2024-02-27 08:43:01.788 [info] fatal: not a git repository (or any of the parent directories): .git
2024-02-27 08:43:05.148 [info] > git rev-parse --show-toplevel [3ms]
2024-02-27 08:43:05.148 [info] fatal: not a git repository (or any of the parent directories): .git
2024-02-27 08:43:06.351 [info] > git rev-parse --show-toplevel [4ms]
2024-02-27 08:43:06.351 [info] fatal: not a git repository (or any of the parent directories): .git
2024-02-27 08:49:23.046 [info] > git rev-parse --show-toplevel [6ms]
2024-02-27 08:49:23.046 [info] fatal: not a git repository (or any of the parent directories): .git
2024-02-27 08:49:39.713 [info] > git rev-parse --show-toplevel [2ms]
2024-02-27 08:49:39.713 [info] fatal: not a git repository (or any of the parent directories): .git
2024-02-27 08:50:20.361 [info] > git rev-parse --show-toplevel [5ms]
2024-02-27 08:50:20.361 [info] fatal: not a git repository (or any of the parent directories): .git
2024-02-27 08:51:21.913 [info] > git rev-parse --show-toplevel [1ms]
2024-02-27 08:51:21.913 [info] fatal: not a git repository (or any of the parent directories): .git
2024-02-27 08:51:35.871 [info] > git rev-parse --show-toplevel [5ms]
2024-02-27 08:51:35.871 [info] fatal: not a git repository (or any of the parent directories): .git
2024-02-27 08:51:38.732 [info] > git rev-parse --show-toplevel [1ms]
2024-02-27 08:51:38.732 [info] fatal: not a git repository (or any of the parent directories): .git
2024-02-27 08:51:45.693 [info] > git rev-parse --show-toplevel [3ms]
2024-02-27 08:51:45.693 [info] fatal: not a git repository (or any of the parent directories): .git
2024-02-27 08:51:46.020 [info] > git rev-parse --show-toplevel [3ms]
2024-02-27 08:51:46.020 [info] fatal: not a git repository (or any of the parent directories): .git
2024-02-27 08:52:02.275 [info] > git rev-parse --show-toplevel [2ms]
2024-02-27 08:52:02.275 [info] fatal: not a git repository (or any of the parent directories): .git
2024-02-27 09:01:50.343 [info] > git rev-parse --show-toplevel [7ms]
2024-02-27 09:01:50.343 [info] fatal: not a git repository (or any of the parent directories): .git
2024-02-27 09:01:52.379 [info] > git rev-parse --show-toplevel [2ms]
2024-02-27 09:01:52.379 [info] fatal: not a git repository (or any of the parent directories): .git
2024-02-27 09:01:52.662 [info] > git rev-parse --show-toplevel [1ms]
2024-02-27 09:01:52.662 [info] fatal: not a git repository (or any of the parent directories): .git
2024-02-27 09:05:51.067 [info] > git rev-parse --show-toplevel [6ms]
2024-02-27 09:05:51.067 [info] fatal: not a git repository (or any of the parent directories): .git
2024-02-27 09:05:54.926 [info] > git rev-parse --show-toplevel [1ms]
2024-02-27 09:05:54.926 [info] fatal: not a git repository (or any of the parent directories): .git
2024-02-27 09:20:10.256 [info] > git rev-parse --show-toplevel [1ms]
2024-02-27 09:20:10.257 [info] fatal: not a git repository (or any of the parent directories): .git
2024-02-27 09:28:14.697 [info] > git rev-parse --show-toplevel [2ms]
2024-02-27 09:28:14.697 [info] fatal: not a git repository (or any of the parent directories): .git
2024-02-27 09:29:27.480 [info] > git rev-parse --show-toplevel [1ms]
2024-02-27 09:29:27.480 [info] fatal: not a git repository (or any of the parent directories): .git
2024-02-27 09:29:48.264 [info] > git rev-parse --show-toplevel [1ms]
2024-02-27 09:29:48.264 [info] fatal: not a git repository (or any of the parent directories): .git
2024-02-27 09:29:48.826 [info] > git rev-parse --show-toplevel [1ms]
2024-02-27 09:29:48.826 [info] fatal: not a git repository (or any of the parent directories): .git
2024-02-27 09:29:51.157 [info] > git rev-parse --show-toplevel [2ms]
2024-02-27 09:29:51.158 [info] fatal: not a git repository (or any of the parent directories): .git
2024-02-27 09:29:52.873 [info] > git rev-parse --show-toplevel [2ms]
2024-02-27 09:29:52.873 [info] fatal: not a git repository (or any of the parent directories): .git
2024-02-27 09:29:56.237 [info] > git rev-parse --show-toplevel [2ms]
2024-02-27 09:29:56.237 [info] fatal: not a git repository (or any of the parent directories): .git
2024-02-27 09:30:02.232 [info] > git rev-parse --show-toplevel [2ms]
2024-02-27 09:30:02.232 [info] fatal: not a git repository (or any of the parent directories): .git
2024-02-27 09:30:42.562 [info] > git rev-parse --show-toplevel [4ms]
2024-02-27 09:30:42.562 [info] fatal: not a git repository (or any of the parent directories): .git
2024-02-27 09:31:12.431 [info] > git rev-parse --show-toplevel [1ms]
2024-02-27 09:31:12.431 [info] fatal: not a git repository (or any of the parent directories): .git
2024-02-27 09:31:16.247 [info] > git rev-parse --show-toplevel [4ms]
2024-02-27 09:31:16.247 [info] fatal: not a git repository (or any of the parent directories): .git
2024-02-27 09:45:11.065 [info] > git rev-parse --show-toplevel [4ms]
2024-02-27 09:45:11.065 [info] fatal: not a git repository (or any of the parent directories): .git
2024-02-27 09:47:56.786 [info] > git rev-parse --show-toplevel [1ms]
2024-02-27 09:47:56.786 [info] fatal: not a git repository (or any of the parent directories): .git
2024-02-27 09:47:57.097 [info] > git rev-parse --show-toplevel [2ms]
2024-02-27 09:47:57.097 [info] fatal: not a git repository (or any of the parent directories): .git
2024-02-27 09:48:27.057 [info] > git rev-parse --show-toplevel [19ms]
2024-02-27 09:48:27.057 [info] fatal: not a git repository (or any of the parent directories): .git
2024-02-27 09:48:55.764 [info] > git rev-parse --show-toplevel [1ms]
2024-02-27 09:48:55.764 [info] fatal: not a git repository (or any of the parent directories): .git
2024-02-27 09:49:04.413 [info] > git rev-parse --show-toplevel [2ms]
2024-02-27 09:49:04.413 [info] fatal: not a git repository (or any of the parent directories): .git
2024-02-27 09:49:32.165 [info] > git rev-parse --show-toplevel [2ms]
2024-02-27 09:49:32.165 [info] fatal: not a git repository (or any of the parent directories): .git
2024-02-27 09:49:36.263 [info] > git rev-parse --show-toplevel [5ms]
2024-02-27 09:49:36.263 [info] fatal: not a git repository (or any of the parent directories): .git
2024-02-27 09:57:44.712 [info] > git rev-parse --show-toplevel [2ms]
2024-02-27 09:57:44.712 [info] fatal: not a git repository (or any of the parent directories): .git
2024-02-27 09:57:46.198 [info] > git rev-parse --show-toplevel [2ms]
2024-02-27 09:57:46.198 [info] fatal: not a git repository (or any of the parent directories): .git
2024-02-27 09:57:48.582 [info] > git rev-parse --show-toplevel [1ms]
2024-02-27 09:57:48.582 [info] fatal: not a git repository (or any of the parent directories): .git
2024-02-27 09:57:53.463 [info] > git rev-parse --show-toplevel [2ms]
2024-02-27 09:57:53.463 [info] fatal: not a git repository (or any of the parent directories): .git
2024-02-27 10:12:06.019 [info] > git rev-parse --show-toplevel [3ms]
2024-02-27 10:12:06.020 [info] fatal: not a git repository (or any of the parent directories): .git
2024-02-27 10:33:03.888 [info] > git rev-parse --show-toplevel [2ms]
2024-02-27 10:33:03.888 [info] fatal: not a git repository (or any of the parent directories): .git
2024-02-27 10:38:29.882 [info] > git rev-parse --show-toplevel [2ms]
2024-02-27 10:38:29.882 [info] fatal: not a git repository (or any of the parent directories): .git
2024-02-27 10:40:02.627 [info] > git rev-parse --show-toplevel [1ms]
2024-02-27 10:40:02.627 [info] fatal: not a git repository (or any of the parent directories): .git
2024-02-27 10:43:46.601 [info] > git rev-parse --show-toplevel [2ms]
2024-02-27 10:43:46.601 [info] fatal: not a git repository (or any of the parent directories): .git
2024-02-27 10:44:15.063 [info] > git rev-parse --show-toplevel [6ms]
2024-02-27 10:44:15.063 [info] fatal: not a git repository (or any of the parent directories): .git
2024-02-27 10:44:16.173 [info] > git rev-parse --show-toplevel [1ms]
2024-02-27 10:44:16.173 [info] fatal: not a git repository (or any of the parent directories): .git
2024-02-27 10:45:59.913 [info] > git rev-parse --show-toplevel [2ms]
2024-02-27 10:45:59.913 [info] fatal: not a git repository (or any of the parent directories): .git
2024-02-27 11:21:23.306 [info] > git rev-parse --show-toplevel [14ms]
2024-02-27 11:21:23.306 [info] fatal: not a git repository (or any of the parent directories): .git
2024-02-27 11:21:30.109 [info] > git rev-parse --show-toplevel [3ms]
2024-02-27 11:21:30.109 [info] fatal: not a git repository (or any of the parent directories): .git
2024-02-27 11:21:32.233 [info] > git rev-parse --show-toplevel [7ms]
2024-02-27 11:21:32.233 [info] fatal: not a git repository (or any of the parent directories): .git
2024-02-27 11:23:28.913 [info] > git rev-parse --show-toplevel [3ms]
2024-02-27 11:23:28.913 [info] fatal: not a git repository (or any of the parent directories): .git
2024-02-27 11:23:30.844 [info] > git rev-parse --show-toplevel [1ms]
2024-02-27 11:23:30.844 [info] fatal: not a git repository (or any of the parent directories): .git
2024-02-27 11:23:54.095 [info] > git rev-parse --show-toplevel [3ms]
2024-02-27 11:23:54.095 [info] fatal: not a git repository (or any of the parent directories): .git
2024-02-27 11:23:57.381 [info] > git rev-parse --show-toplevel [6ms]
2024-02-27 11:23:57.381 [info] fatal: not a git repository (or any of the parent directories): .git
2024-02-27 11:24:16.077 [info] > git rev-parse --show-toplevel [3ms]
2024-02-27 11:24:16.077 [info] fatal: not a git repository (or any of the parent directories): .git
2024-02-27 11:29:10.778 [info] > git rev-parse --show-toplevel [2ms]
2024-02-27 11:29:10.778 [info] fatal: not a git repository (or any of the parent directories): .git
2024-02-27 11:29:12.992 [info] > git rev-parse --show-toplevel [3ms]
2024-02-27 11:29:12.992 [info] fatal: not a git repository (or any of the parent directories): .git
2024-02-27 11:38:15.286 [info] > git rev-parse --show-toplevel [3ms]
2024-02-27 11:38:15.286 [info] fatal: not a git repository (or any of the parent directories): .git
2024-02-27 11:45:52.791 [info] > git rev-parse --show-toplevel [1ms]
2024-02-27 11:45:52.791 [info] fatal: not a git repository (or any of the parent directories): .git
2024-02-27 11:49:43.482 [info] > git rev-parse --show-toplevel [1ms]
2024-02-27 11:49:43.482 [info] fatal: not a git repository (or any of the parent directories): .git
2024-02-27 11:56:34.653 [info] > git rev-parse --show-toplevel [1ms]
2024-02-27 11:56:34.654 [info] fatal: not a git repository (or any of the parent directories): .git
2024-02-27 11:57:49.524 [info] > git rev-parse --show-toplevel [2ms]
2024-02-27 11:57:49.524 [info] fatal: not a git repository (or any of the parent directories): .git
2024-02-27 11:58:56.528 [info] > git rev-parse --show-toplevel [2ms]
2024-02-27 11:58:56.528 [info] fatal: not a git repository (or any of the parent directories): .git
2024-02-27 11:59:22.189 [info] > git rev-parse --show-toplevel [3ms]
2024-02-27 11:59:22.189 [info] fatal: not a git repository (or any of the parent directories): .git
2024-02-27 12:15:34.897 [info] > git rev-parse --show-toplevel [2ms]
2024-02-27 12:15:34.897 [info] fatal: not a git repository (or any of the parent directories): .git
2024-02-27 14:39:19.046 [info] > git rev-parse --show-toplevel [3ms]
2024-02-27 14:39:19.046 [info] fatal: not a git repository (or any of the parent directories): .git
2024-02-27 14:40:12.815 [info] > git rev-parse --show-toplevel [5ms]
2024-02-27 14:40:12.815 [info] fatal: not a git repository (or any of the parent directories): .git
2024-02-27 14:49:01.692 [info] > git rev-parse --show-toplevel [1ms]
2024-02-27 14:49:01.692 [info] fatal: not a git repository (or any of the parent directories): .git
2024-02-27 14:52:18.974 [info] > git rev-parse --show-toplevel [2ms]
2024-02-27 14:52:18.974 [info] fatal: not a git repository (or any of the parent directories): .git
2024-02-27 14:59:06.528 [info] > git rev-parse --show-toplevel [3ms]
2024-02-27 14:59:06.529 [info] fatal: not a git repository (or any of the parent directories): .git
2024-02-27 14:59:07.854 [info] > git rev-parse --show-toplevel [2ms]
2024-02-27 14:59:07.854 [info] fatal: not a git repository (or any of the parent directories): .git
2024-02-27 15:00:35.657 [info] > git rev-parse --show-toplevel [1ms]
2024-02-27 15:00:35.657 [info] fatal: not a git repository (or any of the parent directories): .git
2024-02-27 15:01:47.521 [info] > git rev-parse --show-toplevel [3ms]
2024-02-27 15:01:47.521 [info] fatal: not a git repository (or any of the parent directories): .git
2024-02-27 15:03:25.263 [info] > git rev-parse --show-toplevel [3ms]
2024-02-27 15:03:25.263 [info] fatal: not a git repository (or any of the parent directories): .git
2024-02-27 15:04:18.941 [info] > git rev-parse --show-toplevel [2ms]
2024-02-27 15:04:18.941 [info] fatal: not a git repository (or any of the parent directories): .git
2024-02-27 15:04:59.599 [info] > git rev-parse --show-toplevel [2ms]
2024-02-27 15:04:59.599 [info] fatal: not a git repository (or any of the parent directories): .git
2024-02-27 15:06:00.136 [info] > git rev-parse --show-toplevel [4ms]
2024-02-27 15:06:00.136 [info] fatal: not a git repository (or any of the parent directories): .git
2024-02-27 15:06:16.747 [info] > git rev-parse --show-toplevel [6ms]
2024-02-27 15:06:16.747 [info] fatal: not a git repository (or any of the parent directories): .git
2024-02-27 15:06:56.212 [info] > git rev-parse --show-toplevel [1ms]
2024-02-27 15:06:56.212 [info] fatal: not a git repository (or any of the parent directories): .git
2024-02-27 15:08:05.314 [info] > git rev-parse --show-toplevel [2ms]
2024-02-27 15:08:05.314 [info] fatal: not a git repository (or any of the parent directories): .git
2024-02-27 15:15:04.628 [info] > git rev-parse --show-toplevel [3ms]
2024-02-27 15:15:04.628 [info] fatal: not a git repository (or any of the parent directories): .git
2024-02-27 15:15:06.816 [info] > git rev-parse --show-toplevel [3ms]
2024-02-27 15:15:06.816 [info] fatal: not a git repository (or any of the parent directories): .git
2024-02-27 15:15:07.409 [info] > git rev-parse --show-toplevel [8ms]
2024-02-27 15:15:07.409 [info] fatal: not a git repository (or any of the parent directories): .git
2024-02-27 15:15:08.419 [info] > git rev-parse --show-toplevel [2ms]
2024-02-27 15:15:08.419 [info] fatal: not a git repository (or any of the parent directories): .git
2024-02-27 15:15:10.418 [info] > git rev-parse --show-toplevel [1ms]
2024-02-27 15:15:10.418 [info] fatal: not a git repository (or any of the parent directories): .git
2024-02-27 15:15:16.291 [info] > git rev-parse --show-toplevel [1ms]
2024-02-27 15:15:16.292 [info] fatal: not a git repository (or any of the parent directories): .git
2024-02-27 15:15:19.193 [info] > git rev-parse --show-toplevel [5ms]
2024-02-27 15:15:19.193 [info] fatal: not a git repository (or any of the parent directories): .git
2024-02-27 15:15:21.686 [info] > git rev-parse --show-toplevel [1ms]
2024-02-27 15:15:21.686 [info] fatal: not a git repository (or any of the parent directories): .git
2024-02-27 15:16:52.922 [info] > git rev-parse --show-toplevel [2ms]
2024-02-27 15:16:52.922 [info] fatal: not a git repository (or any of the parent directories): .git
2024-02-27 15:17:45.853 [info] > git rev-parse --show-toplevel [4ms]
2024-02-27 15:17:45.853 [info] fatal: not a git repository (or any of the parent directories): .git
2024-02-27 15:18:27.020 [info] > git rev-parse --show-toplevel [4ms]
2024-02-27 15:18:27.020 [info] fatal: not a git repository (or any of the parent directories): .git
2024-02-27 15:19:18.385 [info] > git rev-parse --show-toplevel [2ms]
2024-02-27 15:19:18.385 [info] fatal: not a git repository (or any of the parent directories): .git
2024-02-27 15:19:31.756 [info] > git rev-parse --show-toplevel [1ms]
2024-02-27 15:19:31.756 [info] fatal: not a git repository (or any of the parent directories): .git
2024-02-27 15:19:38.922 [info] > git rev-parse --show-toplevel [1ms]
2024-02-27 15:19:38.922 [info] fatal: not a git repository (or any of the parent directories): .git
2024-02-27 15:21:17.131 [info] > git rev-parse --show-toplevel [7ms]
2024-02-27 15:21:17.131 [info] fatal: not a git repository (or any of the parent directories): .git
2024-02-27 15:21:55.642 [info] > git rev-parse --show-toplevel [1ms]
2024-02-27 15:21:55.642 [info] fatal: not a git repository (or any of the parent directories): .git
2024-02-27 15:30:57.668 [info] > git rev-parse --show-toplevel [5ms]
2024-02-27 15:30:57.668 [info] fatal: not a git repository (or any of the parent directories): .git
2024-02-27 15:53:22.254 [info] > git rev-parse --show-toplevel [8ms]
2024-02-27 15:53:22.254 [info] fatal: not a git repository (or any of the parent directories): .git
2024-02-27 15:53:37.201 [info] > git rev-parse --show-toplevel [8ms]
2024-02-27 15:53:37.201 [info] fatal: not a git repository (or any of the parent directories): .git
2024-02-27 15:59:08.109 [info] > git rev-parse --show-toplevel [4ms]
2024-02-27 15:59:08.109 [info] fatal: not a git repository (or any of the parent directories): .git
2024-02-27 15:59:12.132 [info] > git rev-parse --show-toplevel [8ms]
2024-02-27 15:59:12.132 [info] fatal: not a git repository (or any of the parent directories): .git
2024-02-27 16:03:54.587 [info] > git rev-parse --show-toplevel [2ms]
2024-02-27 16:03:54.587 [info] fatal: not a git repository (or any of the parent directories): .git
2024-02-27 16:08:38.693 [info] > git rev-parse --show-toplevel [2ms]
2024-02-27 16:08:38.693 [info] fatal: not a git repository (or any of the parent directories): .git
2024-02-27 16:12:33.194 [info] > git rev-parse --show-toplevel [1ms]
2024-02-27 16:12:33.194 [info] fatal: not a git repository (or any of the parent directories): .git
2024-02-27 16:12:38.550 [info] > git rev-parse --show-toplevel [2ms]
2024-02-27 16:12:38.550 [info] fatal: not a git repository (or any of the parent directories): .git
2024-02-27 16:14:00.319 [info] > git rev-parse --show-toplevel [2ms]
2024-02-27 16:14:00.319 [info] fatal: not a git repository (or any of the parent directories): .git
2024-02-27 16:14:53.934 [info] > git rev-parse --show-toplevel [1ms]
2024-02-27 16:14:53.934 [info] fatal: not a git repository (or any of the parent directories): .git
2024-02-27 16:15:14.792 [info] > git rev-parse --show-toplevel [1ms]
2024-02-27 16:15:14.792 [info] fatal: not a git repository (or any of the parent directories): .git
2024-02-27 16:15:20.859 [info] > git rev-parse --show-toplevel [4ms]
2024-02-27 16:15:20.859 [info] fatal: not a git repository (or any of the parent directories): .git
2024-02-27 16:19:51.355 [info] > git rev-parse --show-toplevel [1ms]
2024-02-27 16:19:51.355 [info] fatal: not a git repository (or any of the parent directories): .git
2024-02-27 16:22:46.591 [info] > git rev-parse --show-toplevel [2ms]
2024-02-27 16:22:46.591 [info] fatal: not a git repository (or any of the parent directories): .git
2024-02-27 16:24:29.046 [info] > git rev-parse --show-toplevel [3ms]
2024-02-27 16:24:29.046 [info] fatal: not a git repository (or any of the parent directories): .git
2024-02-27 16:24:38.893 [info] > git rev-parse --show-toplevel [3ms]
2024-02-27 16:24:38.893 [info] fatal: not a git repository (or any of the parent directories): .git
2024-02-27 16:25:07.557 [info] > git rev-parse --show-toplevel [1ms]
2024-02-27 16:25:07.557 [info] fatal: not a git repository (or any of the parent directories): .git
2024-02-27 16:26:22.466 [info] > git rev-parse --show-toplevel [3ms]
2024-02-27 16:26:22.466 [info] fatal: not a git repository (or any of the parent directories): .git
2024-02-27 16:26:22.991 [info] > git rev-parse --show-toplevel [5ms]
2024-02-27 16:26:22.991 [info] fatal: not a git repository (or any of the parent directories): .git
2024-02-27 16:29:08.506 [info] > git rev-parse --show-toplevel [1ms]
2024-02-27 16:29:08.506 [info] fatal: not a git repository (or any of the parent directories): .git
2024-02-27 16:36:48.981 [info] > git rev-parse --show-toplevel [1ms]
2024-02-27 16:36:48.981 [info] fatal: not a git repository (or any of the parent directories): .git
2024-02-27 16:37:26.541 [info] > git rev-parse --show-toplevel [2ms]
2024-02-27 16:37:26.541 [info] fatal: not a git repository (or any of the parent directories): .git
2024-02-27 16:37:52.727 [info] > git rev-parse --show-toplevel [3ms]
2024-02-27 16:37:52.727 [info] fatal: not a git repository (or any of the parent directories): .git
2024-02-27 16:37:58.150 [info] > git rev-parse --show-toplevel [6ms]
2024-02-27 16:37:58.150 [info] fatal: not a git repository (or any of the parent directories): .git
2024-02-27 16:38:34.551 [info] > git rev-parse --show-toplevel [3ms]
2024-02-27 16:38:34.551 [info] fatal: not a git repository (or any of the parent directories): .git
2024-02-27 16:38:41.648 [info] > git rev-parse --show-toplevel [3ms]
2024-02-27 16:38:41.648 [info] fatal: not a git repository (or any of the parent directories): .git
2024-02-27 16:40:09.424 [info] > git rev-parse --show-toplevel [3ms]
2024-02-27 16:40:09.424 [info] fatal: not a git repository (or any of the parent directories): .git
2024-02-27 16:40:13.738 [info] > git rev-parse --show-toplevel [3ms]
2024-02-27 16:40:13.738 [info] fatal: not a git repository (or any of the parent directories): .git
2024-02-27 17:02:27.585 [info] > git rev-parse --show-toplevel [1ms]
2024-02-27 17:02:27.586 [info] fatal: not a git repository (or any of the parent directories): .git
2024-02-27 17:04:35.573 [info] > git rev-parse --show-toplevel [3ms]
2024-02-27 17:04:35.573 [info] fatal: not a git repository (or any of the parent directories): .git
2024-02-27 17:06:17.143 [info] > git rev-parse --show-toplevel [3ms]
2024-02-27 17:06:17.143 [info] fatal: not a git repository (or any of the parent directories): .git
2024-02-27 17:07:24.908 [info] > git rev-parse --show-toplevel [1ms]
2024-02-27 17:07:24.908 [info] fatal: not a git repository (or any of the parent directories): .git
