2024-02-29 11:49:35.188 [info] Log level: Info
2024-02-29 11:49:35.188 [info] Validating found git in: "git"
2024-02-29 11:49:35.188 [info] Using git "2.34.1" from "git"
2024-02-29 11:49:35.188 [info] > git rev-parse --show-toplevel [11ms]
2024-02-29 11:49:35.188 [info] fatal: not a git repository (or any of the parent directories): .git
2024-02-29 11:49:35.188 [info] > git rev-parse --show-toplevel [4ms]
2024-02-29 11:49:35.188 [info] fatal: not a git repository (or any of the parent directories): .git
2024-02-29 11:49:35.190 [info] > git rev-parse --show-toplevel [40ms]
2024-02-29 11:49:35.190 [info] fatal: not a git repository (or any of the parent directories): .git
2024-02-29 11:49:35.207 [info] > git rev-parse --show-toplevel [10ms]
2024-02-29 11:49:35.207 [info] fatal: not a git repository (or any of the parent directories): .git
2024-02-29 11:49:35.218 [info] > git rev-parse --show-toplevel [4ms]
2024-02-29 11:49:35.218 [info] fatal: not a git repository (or any of the parent directories): .git
2024-02-29 11:49:35.228 [info] > git rev-parse --show-toplevel [3ms]
2024-02-29 11:49:35.228 [info] fatal: not a git repository (or any of the parent directories): .git
2024-02-29 11:49:35.237 [info] > git rev-parse --show-toplevel [2ms]
2024-02-29 11:49:35.237 [info] fatal: not a git repository (or any of the parent directories): .git
2024-02-29 12:11:16.551 [info] > git rev-parse --show-toplevel [1ms]
2024-02-29 12:11:16.551 [info] fatal: not a git repository (or any of the parent directories): .git
2024-02-29 12:11:16.817 [info] > git rev-parse --show-toplevel [2ms]
2024-02-29 12:11:16.817 [info] fatal: not a git repository (or any of the parent directories): .git
2024-02-29 12:18:25.605 [info] > git rev-parse --show-toplevel [2ms]
2024-02-29 12:18:25.605 [info] fatal: detected dubious ownership in repository at '/home/merox'
To add an exception for this directory, call:

	git config --global --add safe.directory /home/merox
2024-02-29 12:19:22.655 [info] > git rev-parse --show-toplevel [2ms]
2024-02-29 12:19:22.655 [info] fatal: detected dubious ownership in repository at '/home/merox'
To add an exception for this directory, call:

	git config --global --add safe.directory /home/merox
2024-02-29 12:19:35.409 [info] > git rev-parse --show-toplevel [2ms]
2024-02-29 12:19:35.409 [info] fatal: detected dubious ownership in repository at '/home/merox'
To add an exception for this directory, call:

	git config --global --add safe.directory /home/merox
2024-02-29 12:20:08.596 [info] > git rev-parse --show-toplevel [9ms]
2024-02-29 12:20:08.596 [info] fatal: detected dubious ownership in repository at '/home/merox'
To add an exception for this directory, call:

	git config --global --add safe.directory /home/merox
2024-02-29 12:20:31.582 [info] > git rev-parse --show-toplevel [2ms]
2024-02-29 12:20:31.582 [info] fatal: detected dubious ownership in repository at '/home/merox'
To add an exception for this directory, call:

	git config --global --add safe.directory /home/merox
2024-02-29 12:20:38.146 [info] > git rev-parse --show-toplevel [2ms]
2024-02-29 12:20:38.147 [info] fatal: detected dubious ownership in repository at '/home/merox'
To add an exception for this directory, call:

	git config --global --add safe.directory /home/merox
2024-02-29 12:24:14.011 [info] > git rev-parse --show-toplevel [2ms]
2024-02-29 12:24:14.011 [info] fatal: detected dubious ownership in repository at '/home/merox'
To add an exception for this directory, call:

	git config --global --add safe.directory /home/merox
2024-02-29 12:25:39.426 [info] > git rev-parse --show-toplevel [2ms]
2024-02-29 12:25:39.426 [info] fatal: detected dubious ownership in repository at '/home/merox'
To add an exception for this directory, call:

	git config --global --add safe.directory /home/merox
2024-02-29 12:25:49.932 [info] > git rev-parse --show-toplevel [2ms]
2024-02-29 12:25:49.932 [info] fatal: detected dubious ownership in repository at '/home/merox'
To add an exception for this directory, call:

	git config --global --add safe.directory /home/merox
2024-02-29 12:25:50.474 [info] > git rev-parse --show-toplevel [1ms]
2024-02-29 12:25:50.474 [info] fatal: detected dubious ownership in repository at '/home/merox'
To add an exception for this directory, call:

	git config --global --add safe.directory /home/merox
2024-02-29 12:25:53.789 [info] > git rev-parse --show-toplevel [2ms]
2024-02-29 12:25:53.789 [info] fatal: detected dubious ownership in repository at '/home/merox'
To add an exception for this directory, call:

	git config --global --add safe.directory /home/merox
