2024-02-26 14:49:16.791 [info] Log level: Info
2024-02-26 14:49:16.791 [info] Validating found git in: "git"
2024-02-26 14:49:16.791 [info] Using git "2.34.1" from "git"
2024-02-26 14:49:16.791 [info] > git rev-parse --show-toplevel [3ms]
2024-02-26 14:49:16.791 [info] fatal: not a git repository (or any of the parent directories): .git
2024-02-26 14:49:16.791 [info] > git rev-parse --show-toplevel [2ms]
2024-02-26 14:49:16.791 [info] fatal: not a git repository (or any of the parent directories): .git
2024-02-26 14:49:16.792 [info] > git rev-parse --show-toplevel [2ms]
2024-02-26 14:49:16.792 [info] fatal: not a git repository (or any of the parent directories): .git
2024-02-26 14:49:16.792 [info] > git rev-parse --show-toplevel [22ms]
2024-02-26 14:49:16.792 [info] fatal: not a git repository (or any of the parent directories): .git
2024-02-26 14:49:16.792 [info] > git rev-parse --show-toplevel [13ms]
2024-02-26 14:49:16.792 [info] fatal: not a git repository (or any of the parent directories): .git
2024-02-26 14:49:16.795 [info] > git rev-parse --show-toplevel [39ms]
2024-02-26 14:49:16.795 [info] fatal: not a git repository (or any of the parent directories): .git
2024-02-26 14:50:59.568 [info] > git rev-parse --show-toplevel [1ms]
2024-02-26 14:50:59.568 [info] fatal: not a git repository (or any of the parent directories): .git
2024-02-26 14:51:02.867 [info] > git rev-parse --show-toplevel [1ms]
2024-02-26 14:51:02.867 [info] fatal: not a git repository (or any of the parent directories): .git
2024-02-26 14:59:20.289 [info] > git rev-parse --show-toplevel [1ms]
2024-02-26 14:59:20.289 [info] fatal: not a git repository (or any of the parent directories): .git
2024-02-26 15:02:55.367 [info] > git rev-parse --show-toplevel [3ms]
2024-02-26 15:02:55.367 [info] fatal: not a git repository (or any of the parent directories): .git
2024-02-26 15:39:44.259 [info] > git rev-parse --show-toplevel [3ms]
2024-02-26 15:39:44.259 [info] fatal: not a git repository (or any of the parent directories): .git
2024-02-26 15:40:06.545 [info] > git rev-parse --show-toplevel [3ms]
2024-02-26 15:40:06.546 [info] fatal: not a git repository (or any of the parent directories): .git
2024-02-26 16:04:38.481 [info] > git rev-parse --show-toplevel [2ms]
2024-02-26 16:04:38.481 [info] fatal: not a git repository (or any of the parent directories): .git
2024-02-26 16:04:43.216 [info] > git rev-parse --show-toplevel [1ms]
2024-02-26 16:04:43.216 [info] fatal: not a git repository (or any of the parent directories): .git
2024-02-26 16:04:58.889 [info] > git rev-parse --show-toplevel [7ms]
2024-02-26 16:04:58.889 [info] fatal: not a git repository (or any of the parent directories): .git
2024-02-26 16:04:59.700 [info] > git rev-parse --show-toplevel [2ms]
2024-02-26 16:04:59.700 [info] fatal: not a git repository (or any of the parent directories): .git
2024-02-26 16:05:39.213 [info] > git rev-parse --show-toplevel [5ms]
2024-02-26 16:05:39.214 [info] fatal: not a git repository (or any of the parent directories): .git
2024-02-26 16:05:58.259 [info] > git rev-parse --show-toplevel [2ms]
2024-02-26 16:05:58.259 [info] fatal: not a git repository (or any of the parent directories): .git
2024-02-26 16:06:06.858 [info] > git rev-parse --show-toplevel [2ms]
2024-02-26 16:06:06.858 [info] fatal: not a git repository (or any of the parent directories): .git
2024-02-26 16:06:07.518 [info] > git rev-parse --show-toplevel [1ms]
2024-02-26 16:06:07.518 [info] fatal: not a git repository (or any of the parent directories): .git
2024-02-26 16:06:12.059 [info] > git rev-parse --show-toplevel [2ms]
2024-02-26 16:06:12.060 [info] fatal: not a git repository (or any of the parent directories): .git
2024-02-26 16:06:27.579 [info] > git rev-parse --show-toplevel [4ms]
2024-02-26 16:06:27.579 [info] fatal: not a git repository (or any of the parent directories): .git
2024-02-26 16:06:30.442 [info] > git rev-parse --show-toplevel [2ms]
2024-02-26 16:06:30.442 [info] fatal: not a git repository (or any of the parent directories): .git
2024-02-26 16:06:32.405 [info] > git rev-parse --show-toplevel [5ms]
2024-02-26 16:06:32.406 [info] fatal: not a git repository (or any of the parent directories): .git
2024-02-26 16:06:58.721 [info] > git rev-parse --show-toplevel [2ms]
2024-02-26 16:06:58.721 [info] fatal: not a git repository (or any of the parent directories): .git
2024-02-26 16:07:02.542 [info] > git rev-parse --show-toplevel [3ms]
2024-02-26 16:07:02.542 [info] fatal: not a git repository (or any of the parent directories): .git
2024-02-26 16:07:04.077 [info] > git rev-parse --show-toplevel [3ms]
2024-02-26 16:07:04.077 [info] fatal: not a git repository (or any of the parent directories): .git
2024-02-26 16:07:05.756 [info] > git rev-parse --show-toplevel [4ms]
2024-02-26 16:07:05.757 [info] fatal: not a git repository (or any of the parent directories): .git
2024-02-26 16:07:36.907 [info] > git rev-parse --show-toplevel [2ms]
2024-02-26 16:07:36.907 [info] fatal: not a git repository (or any of the parent directories): .git
2024-02-26 16:07:48.427 [info] > git rev-parse --show-toplevel [4ms]
2024-02-26 16:07:48.427 [info] fatal: not a git repository (or any of the parent directories): .git
2024-02-26 16:08:15.251 [info] > git rev-parse --show-toplevel [5ms]
2024-02-26 16:08:15.251 [info] fatal: not a git repository (or any of the parent directories): .git
2024-02-26 16:09:00.121 [info] > git rev-parse --show-toplevel [6ms]
2024-02-26 16:09:00.121 [info] fatal: not a git repository (or any of the parent directories): .git
2024-02-26 16:09:01.393 [info] > git rev-parse --show-toplevel [2ms]
2024-02-26 16:09:01.393 [info] fatal: not a git repository (or any of the parent directories): .git
2024-02-26 16:09:01.958 [info] > git rev-parse --show-toplevel [3ms]
2024-02-26 16:09:01.958 [info] fatal: not a git repository (or any of the parent directories): .git
2024-02-26 16:09:02.704 [info] > git rev-parse --show-toplevel [1ms]
2024-02-26 16:09:02.704 [info] fatal: not a git repository (or any of the parent directories): .git
2024-02-26 16:09:09.298 [info] > git rev-parse --show-toplevel [1ms]
2024-02-26 16:09:09.298 [info] fatal: not a git repository (or any of the parent directories): .git
2024-02-26 16:09:27.044 [info] > git rev-parse --show-toplevel [15ms]
2024-02-26 16:09:27.044 [info] fatal: not a git repository (or any of the parent directories): .git
2024-02-26 16:09:42.686 [info] > git rev-parse --show-toplevel [3ms]
2024-02-26 16:09:42.687 [info] fatal: not a git repository (or any of the parent directories): .git
2024-02-26 16:10:38.909 [info] > git rev-parse --show-toplevel [1ms]
2024-02-26 16:10:38.909 [info] fatal: not a git repository (or any of the parent directories): .git
2024-02-26 16:10:44.875 [info] > git rev-parse --show-toplevel [3ms]
2024-02-26 16:10:44.875 [info] fatal: not a git repository (or any of the parent directories): .git
2024-02-26 16:10:51.456 [info] > git rev-parse --show-toplevel [2ms]
2024-02-26 16:10:51.456 [info] fatal: not a git repository (or any of the parent directories): .git
2024-02-26 16:11:11.144 [info] > git rev-parse --show-toplevel [1ms]
2024-02-26 16:11:11.145 [info] fatal: not a git repository (or any of the parent directories): .git
2024-02-26 16:12:37.778 [info] > git rev-parse --show-toplevel [144ms]
2024-02-26 16:12:37.778 [info] fatal: not a git repository (or any of the parent directories): .git
2024-02-26 16:13:40.497 [info] > git rev-parse --show-toplevel [3ms]
2024-02-26 16:13:40.497 [info] fatal: not a git repository (or any of the parent directories): .git
2024-02-26 16:14:09.980 [info] > git rev-parse --show-toplevel [2ms]
2024-02-26 16:14:09.980 [info] fatal: not a git repository (or any of the parent directories): .git
2024-02-26 16:14:21.022 [info] > git rev-parse --show-toplevel [9ms]
2024-02-26 16:14:21.022 [info] fatal: not a git repository (or any of the parent directories): .git
2024-02-26 16:14:30.900 [info] > git rev-parse --show-toplevel [11ms]
2024-02-26 16:14:30.900 [info] fatal: not a git repository (or any of the parent directories): .git
2024-02-26 16:14:38.182 [info] > git rev-parse --show-toplevel [3ms]
2024-02-26 16:14:38.182 [info] fatal: not a git repository (or any of the parent directories): .git
2024-02-26 16:15:22.977 [info] > git rev-parse --show-toplevel [5ms]
2024-02-26 16:15:22.977 [info] fatal: not a git repository (or any of the parent directories): .git
2024-02-26 16:15:24.732 [info] > git rev-parse --show-toplevel [1ms]
2024-02-26 16:15:24.733 [info] fatal: not a git repository (or any of the parent directories): .git
2024-02-26 16:15:42.809 [info] > git rev-parse --show-toplevel [3ms]
2024-02-26 16:15:42.809 [info] fatal: not a git repository (or any of the parent directories): .git
2024-02-26 16:15:46.666 [info] > git rev-parse --show-toplevel [2ms]
2024-02-26 16:15:46.666 [info] fatal: not a git repository (or any of the parent directories): .git
2024-02-26 16:16:27.011 [info] > git rev-parse --show-toplevel [5ms]
2024-02-26 16:16:27.012 [info] fatal: not a git repository (or any of the parent directories): .git
2024-02-26 16:16:29.571 [info] > git rev-parse --show-toplevel [1ms]
2024-02-26 16:16:29.571 [info] fatal: not a git repository (or any of the parent directories): .git
2024-02-26 16:17:30.770 [info] > git rev-parse --show-toplevel [1ms]
2024-02-26 16:17:30.770 [info] fatal: not a git repository (or any of the parent directories): .git
2024-02-26 16:17:31.442 [info] > git rev-parse --show-toplevel [2ms]
2024-02-26 16:17:31.442 [info] fatal: not a git repository (or any of the parent directories): .git
2024-02-26 16:17:38.542 [info] > git rev-parse --show-toplevel [1ms]
2024-02-26 16:17:38.542 [info] fatal: not a git repository (or any of the parent directories): .git
2024-02-26 16:18:17.624 [info] > git rev-parse --show-toplevel [3ms]
2024-02-26 16:18:17.624 [info] fatal: not a git repository (or any of the parent directories): .git
2024-02-26 16:19:17.260 [info] > git rev-parse --show-toplevel [3ms]
2024-02-26 16:19:17.260 [info] fatal: not a git repository (or any of the parent directories): .git
2024-02-26 16:19:21.405 [info] > git rev-parse --show-toplevel [1ms]
2024-02-26 16:19:21.405 [info] fatal: not a git repository (or any of the parent directories): .git
2024-02-26 16:20:11.337 [info] > git rev-parse --show-toplevel [3ms]
2024-02-26 16:20:11.337 [info] fatal: not a git repository (or any of the parent directories): .git
2024-02-26 16:25:09.576 [info] > git rev-parse --show-toplevel [2ms]
2024-02-26 16:25:09.576 [info] fatal: not a git repository (or any of the parent directories): .git
2024-02-26 16:25:12.098 [info] > git rev-parse --show-toplevel [9ms]
2024-02-26 16:25:12.098 [info] fatal: not a git repository (or any of the parent directories): .git
2024-02-26 16:25:24.842 [info] > git rev-parse --show-toplevel [3ms]
2024-02-26 16:25:24.842 [info] fatal: not a git repository (or any of the parent directories): .git
2024-02-26 16:25:27.131 [info] > git rev-parse --show-toplevel [7ms]
2024-02-26 16:25:27.132 [info] fatal: not a git repository (or any of the parent directories): .git
2024-02-26 16:28:04.326 [info] > git rev-parse --show-toplevel [4ms]
2024-02-26 16:28:04.326 [info] fatal: not a git repository (or any of the parent directories): .git
2024-02-26 16:28:06.222 [info] > git rev-parse --show-toplevel [4ms]
2024-02-26 16:28:06.222 [info] fatal: not a git repository (or any of the parent directories): .git
2024-02-26 16:29:31.601 [info] > git rev-parse --show-toplevel [1ms]
2024-02-26 16:29:31.601 [info] fatal: not a git repository (or any of the parent directories): .git
2024-02-26 16:29:47.725 [info] > git rev-parse --show-toplevel [6ms]
2024-02-26 16:29:47.725 [info] fatal: not a git repository (or any of the parent directories): .git
2024-02-26 16:42:31.295 [info] > git rev-parse --show-toplevel [2ms]
2024-02-26 16:42:31.295 [info] fatal: not a git repository (or any of the parent directories): .git
2024-02-26 16:42:37.139 [info] > git rev-parse --show-toplevel [6ms]
2024-02-26 16:42:37.139 [info] fatal: not a git repository (or any of the parent directories): .git
2024-02-26 16:42:38.822 [info] > git rev-parse --show-toplevel [5ms]
2024-02-26 16:42:38.823 [info] fatal: not a git repository (or any of the parent directories): .git
2024-02-26 16:42:53.085 [info] > git rev-parse --show-toplevel [3ms]
2024-02-26 16:42:53.085 [info] fatal: not a git repository (or any of the parent directories): .git
2024-02-26 16:43:47.072 [info] > git rev-parse --show-toplevel [2ms]
2024-02-26 16:43:47.072 [info] fatal: not a git repository (or any of the parent directories): .git
2024-02-26 16:44:49.837 [info] > git rev-parse --show-toplevel [3ms]
2024-02-26 16:44:49.837 [info] fatal: not a git repository (or any of the parent directories): .git
2024-02-26 16:44:54.923 [info] > git rev-parse --show-toplevel [11ms]
2024-02-26 16:44:54.923 [info] fatal: not a git repository (or any of the parent directories): .git
2024-02-26 16:45:00.694 [info] > git rev-parse --show-toplevel [6ms]
2024-02-26 16:45:00.694 [info] fatal: not a git repository (or any of the parent directories): .git
2024-02-26 16:45:53.249 [info] > git rev-parse --show-toplevel [3ms]
2024-02-26 16:45:53.249 [info] fatal: not a git repository (or any of the parent directories): .git
2024-02-26 16:45:55.837 [info] > git rev-parse --show-toplevel [6ms]
2024-02-26 16:45:55.837 [info] fatal: not a git repository (or any of the parent directories): .git
2024-02-26 16:46:59.085 [info] > git rev-parse --show-toplevel [1ms]
2024-02-26 16:46:59.085 [info] fatal: not a git repository (or any of the parent directories): .git
2024-02-26 16:47:01.099 [info] > git rev-parse --show-toplevel [7ms]
2024-02-26 16:47:01.099 [info] fatal: not a git repository (or any of the parent directories): .git
2024-02-26 16:48:12.245 [info] > git rev-parse --show-toplevel [3ms]
2024-02-26 16:48:12.245 [info] fatal: not a git repository (or any of the parent directories): .git
2024-02-26 16:51:21.126 [info] > git rev-parse --show-toplevel [5ms]
2024-02-26 16:51:21.126 [info] fatal: not a git repository (or any of the parent directories): .git
2024-02-26 16:51:34.584 [info] > git rev-parse --show-toplevel [1ms]
2024-02-26 16:51:34.584 [info] fatal: not a git repository (or any of the parent directories): .git
2024-02-26 16:54:29.670 [info] > git rev-parse --show-toplevel [1ms]
2024-02-26 16:54:29.670 [info] fatal: not a git repository (or any of the parent directories): .git
2024-02-26 16:55:55.740 [info] > git rev-parse --show-toplevel [2ms]
2024-02-26 16:55:55.740 [info] fatal: not a git repository (or any of the parent directories): .git
2024-02-26 16:55:56.358 [info] > git rev-parse --show-toplevel [2ms]
2024-02-26 16:55:56.358 [info] fatal: not a git repository (or any of the parent directories): .git
2024-02-26 16:55:57.021 [info] > git rev-parse --show-toplevel [6ms]
2024-02-26 16:55:57.021 [info] fatal: not a git repository (or any of the parent directories): .git
2024-02-26 16:59:30.989 [info] > git rev-parse --show-toplevel [3ms]
2024-02-26 16:59:30.989 [info] fatal: not a git repository (or any of the parent directories): .git
2024-02-26 17:01:56.048 [info] > git rev-parse --show-toplevel [9ms]
2024-02-26 17:01:56.048 [info] fatal: not a git repository (or any of the parent directories): .git
2024-02-26 17:02:45.893 [info] > git rev-parse --show-toplevel [2ms]
2024-02-26 17:02:45.894 [info] fatal: not a git repository (or any of the parent directories): .git
